-1.4632804466262868
-0.1622421671216846
-0.1593756838629044
-0.13909395262788857
-0.20501419226664203
-0.20129450919745004
-0.18082301372878762
-0.23713916154188722
-0.23373810737843784
-0.21623017634759711
-0.26232691568469074
-0.2598540644985467
-0.24825983291589324
-0.2797293915303845
-0.27799137770080345
-0.2699594486750738
-0.2914902173955235
-0.2894518003737547
-0.28105169394824825
-0.2979888630319914
-0.2958816250524446
-0.2877090848477949
-0.3008063954634326
-0.2984886366598998
-0.28973342712700034
-0.2998931461160904
-0.29760154984260545
-0.2886611062501211
-0.29525244805929024
-0.2912872008050144
-0.2828412781354836
-0.2874533655765449
-0.2852709505515713
-0.2777360323284255
-0.2775182832419074
-0.277682548768793
-0.2685423935660114
-0.2674957465509651
-0.26554953101072704
-0.2601253313964038
-0.2574299723820449
-0.2553569678473118
-0.24877854516018516
-0.24312633495536573
-0.24213707127339862
-0.2383046223480363
-0.22827978485637362
-0.22863282583453545
-0.2273875440914765
-0.21327730296995828
-0.2137854083068248
-0.21102462339676173
-0.1966005029955964
-0.19565191273378957
-0.19624090854811452
-0.18113984509173917
-0.1810280676956944
-0.18265795177964472
-0.1634934591188409
-0.16237125701883937
-0.16719456327448845
-0.17573234898909784
-0.1772286425179429
-0.18164221617868737
-0.14755705303145758
-0.15135750983366217
-0.15372892334428204
-0.19035220411702308
-0.18640061232508615
-0.17996593144513431
-0.22557223887243005
-0.22062560301218032
-0.21378168611810086
-0.25531287034238886
-0.2501122333012128
-0.2458147049413924
-0.2775716766823039
-0.27287083520807753
-0.27445644386977786
-0.29204451443297075
-0.28938517331982233
-0.2958525609364314
-0.3039995439710752
-0.3030077828658014
-0.3115603750523122
-0.31258581465386526
-0.3132627612210322
-0.3239835750574928
-0.31876588421378815
-0.3212415133118785
-0.3316768351371592
-0.32472145690716625
-0.32743983901105306
-0.3372206092221711
-0.328863573499944
-0.33305439441533763
-0.34238793536066164
-0.33227954330659026
-0.336925207273143
-0.3450336637264498
-0.33369681964871784
-0.3391565853268433
-0.3465321595184692
-0.3337945158034723
-0.3389037867628654
-0.34558279444192896
-0.3325987358920279
-0.3367920485364015
-0.34288960243627187
-0.3278207913504336
-0.33183599703433186
-0.33786426204116166
-0.3213397210262828
-0.32531363647647876
-0.3321460259847121
-0.3121726853099221
-0.31597144675760996
-0.3243180870448002
-0.29728681942328933
-0.30093775673990136
-0.30848737268709725
-0.2779614428493862
-0.2808548541178452
-0.28900664731952697
-0.25046366243906976
-0.2539096174881859
-0.2623289590815273
-0.21459490645855014
-0.21977962860033137
-0.22715401507051194
-0.19859070797258932
-0.19316892472883898
-0.18388902990774988
-0.24082129760181376
-0.23476903838688973
-0.22326812215494657
-0.27438705621580367
-0.2676974195179276
-0.2565437980403944
-0.29970229706501483
-0.29381909867428135
-0.28944333076146
-0.316601219080448
-0.3123473164013311
-0.31075441203030163
-0.32970896191938565
-0.3265538897561138
-0.3254285125171062
-0.33885649748953683
-0.33686670333690955
-0.3356584297100379
-0.3461128572184393
-0.34414863819590913
-0.34323775080622765
-0.3517994033472862
-0.350444574424861
-0.3488433887275222
-0.35553134050497076
-0.35420359225022907
-0.35469674642443083
-0.3573157597564325
-0.3557353214938876
-0.3581559585138003
-0.35636972694651176
-0.35590165791999334
-0.358296151803807
-0.35492283980473616
-0.3554107260156321
-0.35777400788033425
-0.3526492396789534
-0.353744290636979
-0.3566293478145612
-0.3490336500575845
-0.349906727350602
-0.3556272458217676
-0.34232602794571015
-0.34471588733889175
-0.35259410328300045
-0.3319690021814631
-0.33535785093406756
-0.34671691594210363
-0.31801103778452444
-0.3212842449354716
-0.33564693166946896
-0.30125513967225864
-0.3043526934711079
-0.31968662662077674
-0.28501739252395153
-0.28570684264922686
-0.3011541505879856
-0.25904628745397806
-0.26117529684018703
-0.2792029611145901
-0.3846198985491264
-0.3860437319306202
-0.37446857313950366
-0.3805619042996992
-0.3816984287401504
-0.3693207948621556
-0.3755931219664769
-0.37728865031405734
-0.36545498811154
-0.37048915388280323
-0.3727873245127036
-0.3606135728768111
-0.36546531325288883
-0.36753552808508133
-0.35601390407568595
-0.3605446382569001
-0.3621315776455164
-0.3516028578328729
-0.35514185648347263
-0.3562569925280776
-0.3471159400908919
-0.349407997077775
-0.3507574215198278
-0.34267353924738536
-0.34198810901295956
-0.34371413289121755
-0.3371859612528296
-0.33315756771935673
-0.3346695848366761
-0.32838249748674436
-0.3231808501259607
-0.32536706295127715
-0.3196424368291601
-0.3120277432907106
-0.31510142435076843
-0.3093238729255875
-0.2993903143573275
-0.30261008220804847
-0.2982039812982936
-0.28766518922916956
-0.29053795221220347
-0.28740955326770024
-0.27445275082955317
-0.27764605900574196
-0.2750162797082132
-0.26009173151076503
-0.2627236923831434
-0.2608710847274337
-0.24446175399319356
-0.2461054721119541
-0.24543177832693472
-0.2295575943118803
-0.2301551508596272
-0.23059288064015068
-0.21779922421412196
-0.21752482959328168
-0.21807676786675445
-0.20588463294099155
-0.20482712049497087
-0.20558069512041177
-0.28045968053183373
-0.2810405544136984
-0.2757527080130132
-0.2892531910863822
-0.2904855574227473
-0.28472509110826716
-0.2972978313738572
-0.2984881345611182
-0.29212020978166126
-0.3048547479586404
-0.30650892796765083
-0.3002456884775469
-0.31299639397387696
-0.31472370741733297
-0.308969798931853
-0.32094699683292344
-0.32187990801205557
-0.3180775934727195
-0.3287289764760217
-0.3291735953925552
-0.3267987140053909
-0.3349301682081314
-0.3351332126663
-0.3352616158332234
-0.34054145341455344
-0.34097756172483956
-0.34315034584780635
-0.3449776110607209
-0.345189745820404
-0.3488451303502245
-0.3487444016019345
-0.34960569624874793
-0.35500622531448306
-0.35177551909727955
-0.35355786570641784
-0.35996810969401455
-0.35478371326464164
-0.3561965943533133
-0.36320027358228907
-0.35665227983943126
-0.35873639154501197
-0.3648631593268695
-0.358345940875121
-0.3595447835513402
-0.3661793339044618
-0.3593251445810867
-0.36087338501279315
-0.3661642881328399
-0.35931169006447017
-0.3609083031282991
-0.3648618267304005
-0.3588510335717474
-0.36105760911691515
-0.36364305229102695
-0.358923522568627
-0.3610471705759464
-0.36290521751903176
-0.35856057765708677
-0.36124325238057686
-0.36149864997505543
-0.3593578309231826
-0.36161286604841614
-0.3611565183598442
-0.36005359930302694
-0.3623890652126486
-0.3602363565538295
-0.36136637495578516
-0.36246073188164435
-0.35921081996198045
-0.3630392946089738
-0.3636165196982016
-0.3581209528187831
-0.36455688299920264
-0.36480894142913245
-0.35817093715764486
-0.3672369252180408
-0.3658802856927824
-0.35879712497850724
-0.36926126234234846
-0.3679655973656852
-0.36099679924019556
-0.3714301860480489
-0.37042024192283357
-0.363461029003645
-0.3736153356926494
-0.3724399208279735
-0.3665454181026879
-0.3751408859102747
-0.3743517028308235
-0.3694102630071248
-0.37633156539236917
-0.3755216743398483
-0.37147189884899035
-0.3773140161110758
-0.3769310432545071
-0.37270006614555107
-0.3784773706902521
-0.37822816387135005
-0.3747801274433568
-0.3792475692848636
-0.37843957814715484
-0.3755925212519871
-0.37924226058118166
-0.3790521153233308
-0.37552958904055755
-0.379442893371468
-0.37912744870538245
-0.3748990099674893
-0.3784056301233938
-0.3786157518748267
-0.3737578582408702
-0.37735281417550304
-0.3784904875996353
-0.3726856534574757
-0.37505576634193816
-0.3769610411518317
-0.3696878859882145
-0.37211497408691
-0.3740290604771049
-0.36655757507494235
-0.36895320029039164
-0.37104833073007865
-0.36341440973185823
-0.36809711126994393
-0.3697366037955265
-0.35984028201534085
-0.3729060380381804
-0.3719126652364579
-0.3600319140330826
-0.3759005165437391
-0.37546404916431425
-0.36685097930657223
-0.23503731857038132
-0.232633077234173
-0.22133918906673516
-0.253288921517452
-0.25068037247376795
-0.23881809267709125
-0.2702237037714637
-0.2668942004382202
-0.2549027277809438
-0.28610274284438225
-0.28217814605565333
-0.2703562404103234
-0.30031966260377124
-0.2966559870806642
-0.2849277415936997
-0.3131247308102478
-0.30887805950806974
-0.29849759495247324
-0.32589270462157066
-0.32193452782175963
-0.3122576890965101
-0.33813001594086683
-0.3340554299257229
-0.3247992036346373
-0.3487575896510344
-0.34452621491635677
-0.33842160764650286
-0.3585347678032035
-0.3546795364226267
-0.3518448069705248
-0.36754987579649
-0.36412834631739527
-0.36223496159234964
-0.37565636660507895
-0.3724343823594026
-0.3716206450009346
-0.3815591526569215
-0.379712969766364
-0.380754623887356
-0.3874743653683547
-0.3864866945061541
-0.3879599178372087
-0.39380128481865556
-0.3923110075926733
-0.3940666168766485
-0.3991169341987554
-0.3983560653545964
-0.400552741916199
-0.4034108243722981
-0.4033903583738256
-0.40530664276226297
-0.40801069181951516
-0.40821158596929585
-0.4089605438932248
-0.4117443113977242
-0.4117906872218134
-0.4146892422415966
-0.4148742147569183
-0.41539028426058555
-0.41812877177507685
-0.41835099026697814
-0.418446792269035
-0.4210521919845332
-0.4206904244798877
-0.4214077886592257
-0.4235240706790451
-0.423293190551722
-0.42374922285040584
-0.42511563296801697
-0.4259643726316049
-0.4259553766634811
-0.42606054854571546
-0.42699956579897586
-0.42829337091882
-0.4281568346079174
-0.42895177359752806
-0.4299785333706653
-0.4307335878426441
-0.43109715236346174
-0.43088683337728445
-0.43121776947365936
-0.4312008489456043
-0.43170771617402226
-0.43192032839668787
-0.43203136505274975
-0.4327257699052361
-0.4324196579899892
-0.43303336034270457
-0.4337598011886077
-0.43404084751835253
-0.4334720625412887
-0.4349793505137469
-0.43476222028271794
-0.43352653103276584
-0.4344246666675993
-0.43462812621839697
-0.4333520473075364
-0.43627517086921025
-0.43510828755843817
-0.43301925144806447
-0.4368986905915653
-0.435759863240304
-0.4332390738216659
-0.43656710651155484
-0.4359570126014267
-0.43330412427997717
-0.4363405896009438
-0.4360075420300294
-0.4341647005496012
-0.4360844196845948
-0.4369312042774318
-0.43547047515834025
-0.4361650751119238
-0.4365317522198512
-0.43463454803328866
-0.435715175655074
-0.43462684198704493
-0.43387873753352374
-0.4348453276740728
-0.43371404377033823
-0.43285220765255833
-0.4337750512139212
-0.4332886542361114
-0.4318069427965883
-0.43151288212239824
-0.43298084604580894
-0.42959351766192017
-0.4307066382226415
-0.43263795505299274
-0.4288953189790921
-0.4290626063186696
-0.43118574012724575
-0.4282545673558132
-0.4293096741670463
-0.4312009885402521
-0.42542186276049127
-0.42749713037265846
-0.4308314027474397
-0.42512430199026924
-0.4250944264809755
-0.4293356473562241
-0.42310669464204437
-0.4234438278486757
-0.42720180799184426
-0.4194255952770828
-0.42168184715314455
-0.42390952760910705
-0.41689186485247365
-0.4191058445858938
-0.42109611603096425
-0.41350129621049864
-0.414609612191792
-0.4186105612188512
-0.4078793924869012
-0.40816279832019486
-0.4141850428511948
-0.40196490502943594
-0.4039354419985526
-0.40752603301735474
-0.396850704319951
-0.39728434023788417
-0.4018699892571409
-0.3881850217205009
-0.38920607890834646
-0.39412590312612444
-0.3795540286156834
-0.3806018884359712
-0.3867417875328296
-0.37035540109426307
-0.3705585933733813
-0.3784160941378458
-0.36106839439549204
-0.3608321783091866
-0.3693363766178972
-0.34981521650479314
-0.3495721316049207
-0.358666319280148
-0.3371711131642034
-0.33686758733799876
-0.3458195604746342
-0.3234515930290085
-0.3235408913303632
-0.332898079303026
-0.3097843395756015
-0.3102186131198648
-0.3203042913573927
-0.2946128552460737
-0.2952855315611767
-0.30544194836393307
-0.27775102911363403
-0.27942033403171795
-0.2884727097265431
-0.22237773142744008
-0.2266680480677189
-0.23537462051161037
-0.2549030655127686
-0.25685130846841014
-0.2625164877738213
-0.1416873209368197
-0.13912804758908523
-0.1309961677639826
-0.21225190148278916
-0.21006405167086475
-0.19533765536770606
-0.14686288515904475
-0.14268110328131567
-0.13196510513027995
-0.19541894549888678
-0.19419885414140572
-0.17832202871544167
-0.19495747779447273
-0.1955656164365888
-0.20023181965691506
-0.11699772636716228
-0.11428875232413045
-0.08755631843079555
-0.2709051739326401
-0.2712602733115813
-0.26626789538171464
-0.18029954178495158
-0.17926577258271736
-0.16345968572198175
-0.10468280845345292
-0.10381191189575523
-0.09411049183432432
-0.16675290156279907
-0.16589461290604274
-0.1508577392439262
-0.20393929683352896
-0.20502210037017393
-0.2091580760055843
-0.2600163425297236
-0.25968588756188943
-0.25511065890164497
-0.2079219696374279
-0.2093201718514343
-0.2153659902924782
-0.24978066200730617
-0.24840119703719835
-0.24409815008215519
-0.2026723912149806
-0.20475603303130852
-0.2100912062612441
-0.23613788210911757
-0.23364752249291373
-0.2304462646809592
-0.1939821977308077
-0.19567268162000367
-0.20063590434625017
-0.22155534350448539
-0.21813785660067725
-0.21633913460883714
-0.18343216161664272
-0.1854801708827406
-0.19148382792841695
-0.20829938938712117
-0.20455809131846162
-0.2034330833784771
-0.1731041788750534
-0.17628883138267454
-0.18207345629562774
-0.19585822332663588
-0.19272860598892522
-0.192019195129631
-0.16385011955522596
-0.16727062351901992
-0.17403620400354944
-0.18536970317352527
-0.18185838255060963
-0.18204564406319396
-0.16444858663638393
-0.17044759496936507
-0.17423192291102785
-0.23665146256569852
-0.2388040132288151
-0.2450375841634653
-0.10694562725683456
-0.1120875222360326
-0.11215427833652275
-0.21971668031168656
-0.22259018526436342
-0.2289529490596126
-0.17554771203305494
-0.18040391954270263
-0.18849778113336355
-0.2038376412387681
-0.20730623964692918
-0.21349943643023617
-0.12373558539738828
-0.13003990304224466
-0.13490281500269333
-0.18962072147937875
-0.19282839862191797
-0.19892793524686167
-0.07928250908621186
-0.08588332495547164
-0.08646400235944253
-0.17681565327290225
-0.1806063261945116
-0.18535808188808842
-0.13845396042458924
-0.14355054293562122
-0.14922481176393876
-0.16404767946157975
-0.16754985788082213
-0.17159798774405133
-0.14556562169809312
-0.14405368454156448
-0.14979491169873368
-0.1953303391743617
-0.19396895639382855
-0.1942808183985348
-0.1099929942646192
-0.10841163557289706
-0.0978035226714408
-0.15322897687143983
-0.1525489862130141
-0.1379322415650662
-0.08843154020229145
-0.08614368775683164
-0.058710578016113915
-0.14066806226642214
-0.13985011926725813
-0.12502217213143133
-0.07568352474649466
-0.07569465687499162
-0.06596151074492285
-0.12953852555375645
-0.12855255143502897
-0.11417774670667596
-0.1528718650147621
-0.15633725039887
-0.1648235213916664
-0.17376361902442727
-0.17037434170483456
-0.17180522939117912
-0.14388303021955284
-0.14713171450534818
-0.15521321005415992
-0.16390431142134704
-0.16097707912584155
-0.1621905301105961
-0.09289265908620477
-0.09823197988707638
-0.10275004861972074
-0.1518531582262533
-0.15547806948907833
-0.15955319488753597
-0.12855123310870106
-0.12652450016789774
-0.13358355172697178
-0.18588440344024956
-0.18367215438846737
-0.18406561370179075
-0.11148076719945241
-0.10945255758035315
-0.11580353729147215
-0.1769387169068082
-0.1746697764743098
-0.17494767300678585
-0.06545794970735523
-0.06521721889395633
-0.05914413571531388
-0.05740453396292818
-0.05714765422056898
-0.05043675022851137
-0.0500733510742107
-0.049866390386088
-0.0443860484061968
-0.08209121744931021
-0.0806583559722083
-0.07193732520403547
-0.11940132700808812
-0.11880008931428103
-0.1050557645987608
-0.13436538902025374
-0.1384454479770092
-0.14779157046922312
-0.15480576263472093
-0.15263701414186426
-0.15421630287936264
-0.1082305624335927
-0.11298237372637776
-0.11638141906067168
-0.05767314077641711
-0.06470264423660534
-0.06600358463892649
-0.14117241157704413
-0.1450493409067081
-0.14828255984253033
-0.13144118340846972
-0.134933391775879
-0.13759778279055238
-0.1263943849407994
-0.12983129082978714
-0.1389981764824443
-0.14717086433128468
-0.1448443227615905
-0.1462609998583609
-0.06937763864423338
-0.07425016370208197
-0.07770548727729146
-0.12220918165356216
-0.12545970439586432
-0.12777273404677003
-0.09651353073552882
-0.09400450955161072
-0.09791125205179078
-0.1683047900071787
-0.1658745622803426
-0.16580667778441052
-0.07626549433351064
-0.07686677617788631
-0.07478790638860884
-0.1590451420623683
-0.15679063685951597
-0.15618559549985714
-0.07179125927164941
-0.07187005272873166
-0.06789542573262028
-0.07987422145093989
-0.0812088223626683
-0.07901535407268516
-0.15031479703856565
-0.1490361048322021
-0.14696464720410435
-0.04332188107992141
-0.042356207517768286
-0.03811914330981375
-0.0679609002757356
-0.06525820730950237
-0.03933570423082683
-0.11041183889160391
-0.10875679425169177
-0.09629593814399627
-0.03759847444935032
-0.0363364912240954
-0.0346355292628157
-0.10182184863334157
-0.1000535024676674
-0.08843462350627752
-0.062122888496368836
-0.060026589633856174
-0.05189271908756368
-0.09325786442276791
-0.0919154288811905
-0.08009871984870356
-0.05520443663991818
-0.054599253538641035
-0.045440719512196616
-0.05207656613151047
-0.049381292320199534
-0.025455173718335288
-0.08602232130233439
-0.08421025779186941
-0.07401733947915322
-0.11988402901645598
-0.12291915199932595
-0.13379064355204068
-0.14053238700537682
-0.13872696418275252
-0.14118213759317402
-0.04307259119933529
-0.04906913803485817
-0.05076355917658258
-0.11398128852678757
-0.11711006857405723
-0.1193774414132728
-0.08563007750690804
-0.08951364385961516
-0.09120338164003161
-0.10792796335064835
-0.10976440448003598
-0.11177888695828275
-0.08277964772885728
-0.07992386068162959
-0.08139768911124957
-0.08279672415010306
-0.0837678268794735
-0.08008908235754904
-0.1420560887770206
-0.14102014975203497
-0.13815475425766682
-0.08414720803299464
-0.08517855760722419
-0.07884232936709715
-0.1349749375708017
-0.1343259275400109
-0.1296801967913388
-0.03965999814557224
-0.03877611113370418
-0.027668425207083583
-0.07922328258698783
-0.07767985487741429
-0.06701776381228378
-0.04661704445998139
-0.04435819509230708
-0.03669602261723163
-0.07308621812273598
-0.07098098712772842
-0.061767971072253444
-0.11375544836573383
-0.11590906216936908
-0.12698015739379714
-0.1347985275996792
-0.13322739317450236
-0.13673973674966833
-0.10762671680323241
-0.10890426498084124
-0.11950104796794749
-0.12939574582625235
-0.1273528080570635
-0.1322528190076873
-0.10182976112653706
-0.10172159206556015
-0.11079517521227897
-0.12447507083026298
-0.12194885761749878
-0.1278417727648748
-0.09620785211851271
-0.09482547192407985
-0.10358497405462844
-0.1194512302003484
-0.11669706118987672
-0.12324210396374934
-0.05421009698230084
-0.05800858172740252
-0.06067417802098391
-0.10184714872949627
-0.10292983150938799
-0.10474662841561462
-0.03592592163835986
-0.03968205446488443
-0.04071772505385098
-0.09539214000772334
-0.09704370133174192
-0.09848313421047984
-0.06883406231706547
-0.07260646073122567
-0.07332493628412717
-0.08992274017912179
-0.09099843541983127
-0.09241795317866199
-0.07044057558762551
-0.06782728246953382
-0.06794929313141986
-0.08524443838689269
-0.08475238177311664
-0.07736049085144023
-0.12877614537250714
-0.12802692746484318
-0.12219080800347801
-0.08595663876653536
-0.0837600423407396
-0.07482469457723412
-0.12335809894080157
-0.12300848188419575
-0.11651790618823189
-0.03231807653132667
-0.031166419672926597
-0.03276283649754705
-0.040168007929219325
-0.03762386977058813
-0.015464594660973389
-0.0679855942150761
-0.06632082971034275
-0.05742040121387809
-0.029547005388872644
-0.02819602517738714
-0.017693847891599026
-0.06263880543522693
-0.0615479023937453
-0.05386042176715114
-0.0887535430796836
-0.08819642044332218
-0.09602751274890832
-0.11434726211667504
-0.11219573538852307
-0.118400688729021
-0.08108855057774034
-0.08088363685820356
-0.08953322668153328
-0.10937847978345296
-0.10778595696242979
-0.11453488197840633
-0.07279515144869653
-0.0732573933712691
-0.08224523643884743
-0.10532048553402534
-0.10344065377195993
-0.10938710370105856
-0.0325253340853291
-0.030183260400690713
-0.027141867262210843
-0.028289929205712782
-0.02690232010422614
-0.02500165529687276
-0.0255937190369916
-0.023999314945200734
-0.02237317598011258
-0.02321062097487691
-0.02195101804950133
-0.021216363729880693
-0.04278830143333201
-0.04550368763307497
-0.04788241258688388
-0.08526063290163136
-0.08570864840563981
-0.08665750007012003
-0.029417147600657355
-0.03157916415085252
-0.03259047931588018
-0.08007307126151876
-0.08050687222262178
-0.08117630245275154
-0.05565774982561078
-0.05956989171297935
-0.05961119687866769
-0.07573185706434767
-0.0766231907443053
-0.07651764784038907
-0.03373365834118654
-0.0361804632090798
-0.038344350320146436
-0.07218947662945757
-0.07274291506680679
-0.07235662284604555
-0.05927094577483647
-0.05722901370224408
-0.05698817416179001
-0.0849701920129622
-0.08248503929445898
-0.07432329945786956
-0.11904562621112694
-0.11808082121686965
-0.1110647117216668
-0.08295568337094074
-0.08005305784408163
-0.07241107443732832
-0.11549989456455911
-0.11357613448081001
-0.10610426064286153
-0.08032301284385909
-0.07912841726133468
-0.07093330182158814
-0.11142436878198086
-0.10979154255716222
-0.1015901496308029
-0.0789376614597395
-0.07715653027764298
-0.070497843917907
-0.10813951970850363
-0.1058433138154384
-0.098132051854963
-0.07988472562765082
-0.07614687911298389
-0.07111621748551089
-0.10454694937327978
-0.10256608053769314
-0.09478548129375364
-0.027226953157658516
-0.0267608919336577
-0.030982637993986723
-0.0360744470475515
-0.03429684111782491
-0.02838065534662893
-0.05791517437560037
-0.05666591813487118
-0.050435815091221074
-0.031717976188039856
-0.029881671388896996
-0.011565054104072827
-0.05424495631156443
-0.05299130297608652
-0.047168955072367486
-0.023114851910498953
-0.02282391231699901
-0.028654602626221125
-0.04975634087753327
-0.049039736381954704
-0.044528735063412116
-0.028048369745992573
-0.026554726898792718
-0.022489021922462746
-0.04655827090176985
-0.04558346420003506
-0.04104649270352142
-0.02561277221072023
-0.024140710285468145
-0.009315721153731471
-0.04304425258479155
-0.04254342483574456
-0.038018111180775485
-0.021508060072443384
-0.020784610264316265
-0.01203662924261325
-0.016373661087230405
-0.01567822014670008
-0.007049887912278617
-0.039410530024458656
-0.03872048684659672
-0.03550524997993124
-0.05127154339066294
-0.05253815144128844
-0.06578550545101179
-0.062347558034196233
-0.063413984062646
-0.07459292978615839
-0.09505611935801074
-0.09309798678314139
-0.09888673427531931
-0.100843604039068
-0.09868285931695442
-0.10459401401882602
-0.041906955520304816
-0.04279692812810532
-0.05788440985867496
-0.08919379427215948
-0.08831602215816299
-0.09399951740281402
-0.04998966814595093
-0.04885495469029593
-0.03996598804431608
-0.04728683875185464
-0.045519094030057536
-0.03611510754413864
-0.0837713162502079
-0.08333935264770279
-0.08901375882841553
-0.05179013333703046
-0.050550877370109146
-0.042000444071163205
-0.07963857492507476
-0.07906091232061864
-0.08432328526257538
-0.04378457596734771
-0.04055983534185289
-0.033101228824307063
-0.03849604600487161
-0.03526887525430831
-0.0300010842326672
-0.0222978858437408
-0.02025076062042081
-0.02057550531825127
-0.021088677862056805
-0.01839197468860565
-0.01909301689453476
-0.02007410723873738
-0.017053299031326047
-0.01690645096172133
-0.02496182084375721
-0.026290467946624495
-0.026269742900446962
-0.0679008188578519
-0.06873869946551561
-0.06810196992622619
-0.045773187877605814
-0.0497728435053709
-0.04928327896893235
-0.06482430945934148
-0.06511314368779234
-0.06478491171619542
-0.02602406162007131
-0.028350711987545015
-0.029980633499957256
-0.0613699442861322
-0.062037610013832956
-0.0618645662187016
-0.021576199711877863
-0.020948111287597587
-0.021588768390505168
-0.05767261560811189
-0.05886195450428715
-0.058798794785167315
-0.037457519411258904
-0.0417688274142048
-0.04221656544829777
-0.0556742308010877
-0.05544138205435982
-0.05618095881584981
-0.05048458517208791
-0.0489277080717693
-0.04822979839468443
-0.04288431874375756
-0.04244823151889112
-0.04169064484582244
-0.07779428121860002
-0.07433398447246765
-0.07204878782261766
-0.10119572175176281
-0.09938082388982634
-0.0919894388397596
-0.07837239717371618
-0.0765318752270544
-0.07515623574569456
-0.09855273227248644
-0.09677423369590384
-0.09049438318422515
-0.07921887873885952
-0.07702362883679048
-0.07747101092634348
-0.096413353408236
-0.09410742977658186
-0.08856662543709001
-0.07924644531937251
-0.07801841431415155
-0.07824433390607596
-0.09353642495596734
-0.09133989840290235
-0.08659549403690811
-0.07852667977264763
-0.07731430571521877
-0.07910105876910935
-0.09098699883688598
-0.0883299711285851
-0.08505103705266431
-0.018883646160663275
-0.01885142738802249
-0.0258985530903178
-0.05275999615230874
-0.052085114720427976
-0.044226914531162204
-0.0755113449538893
-0.07511111630532842
-0.07959052159078624
-0.019051121581735556
-0.01534030018242145
-0.015501632747263088
-0.019640193735541687
-0.021548062652072493
-0.0240967636926401
-0.05302311250047188
-0.05285029869339018
-0.05255329532690164
-0.017752960247444178
-0.017063915563863087
-0.018118976123792423
-0.049645729742663354
-0.05082795241249533
-0.050389482937380534
-0.03600972061851407
-0.03791384321668957
-0.03721002639466218
-0.07401648635094189
-0.07298277048803711
-0.07743711750594084
-0.08760632014482417
-0.08560032202337728
-0.08248836251449826
-0.07102497436059549
-0.06911420239831172
-0.07323589092084153
-0.08496905031275329
-0.08316170022457126
-0.0801505742418454
-0.06643555407590879
-0.06439416550677514
-0.06927689847293972
-0.08186128139476882
-0.08076064115002371
-0.07832155788414451
-0.015425727318860123
-0.016366475643248522
-0.009044659411204367
-0.01400072450398667
-0.014047497826259537
-0.006914683321003463
-0.012711348437565394
-0.01259150447878688
-0.004879972740882189
-0.011779373461232558
-0.011009954836680136
-0.0051815687492312405
-0.021180739109282632
-0.019767454727073697
-0.017412220423145906
-0.036479602536154995
-0.03574516211014705
-0.03273740893498657
-0.0337234741801338
-0.0344843979574068
-0.04904777078409906
-0.05364451840142444
-0.0532285760759374
-0.0462641803948633
-0.07161280137814745
-0.07181434680613183
-0.07503712945752315
-0.02030018363033511
-0.01898500824498857
-0.007142254634114606
-0.03348174162441572
-0.03286564939848771
-0.030211237486260215
-0.015631383946005807
-0.015545413392066183
-0.02230123106496923
-0.030764612081287803
-0.030118439574136412
-0.027443007138731226
-0.01206084288435955
-0.01155472712470516
-0.0035768899450550123
-0.02760553465700869
-0.02851003495050938
-0.04232284119141183
-0.054973277413465436
-0.05494378033090808
-0.04864975424224154
-0.06875795778173856
-0.06969606576864436
-0.07188855865578078
-0.055456899755984584
-0.05652014999259316
-0.05087979705829654
-0.06614522518793473
-0.06714165767204663
-0.06852696708589306
-0.055836419250585655
-0.05690600459253691
-0.05268171495203436
-0.06414456320989358
-0.06512280233271263
-0.06525698327865691
-0.018216711389828805
-0.013672554640155014
-0.013964393367552041
-0.016867571470820016
-0.011666232206776102
-0.012189487673533794
-0.047999624664455315
-0.04888439419003083
-0.0482430836057294
-0.031132053193635278
-0.03721816198325474
-0.03605359593219566
-0.014497871364238682
-0.017184690202142118
-0.019246604649907805
-0.046072770122418366
-0.04704685535286919
-0.0465183669873966
-0.014981904252078468
-0.013928528948997721
-0.015045301228715799
-0.043940804476199954
-0.04489857878866632
-0.04332629621357429
-0.02710927397719676
-0.03240377148509112
-0.030427069920997023
-0.04229492647216164
-0.04254214231826618
-0.041684984438631285
-0.031892769495219186
-0.03376403684863227
-0.03227050681358818
-0.061090704654718275
-0.05942232896057858
-0.06273905498778747
-0.07849802606375283
-0.07761936087942885
-0.07624649506205257
-0.05621433128092667
-0.05556299102426616
-0.05680834369653551
-0.07530758667055815
-0.07500868950829534
-0.0731365708973202
-0.05096847609567564
-0.05112538699766788
-0.050547341510483845
-0.07118717991743188
-0.07222129493523055
-0.07112982547741441
-0.020218703821756237
-0.021095907937562594
-0.02058248396693036
-0.021782250849729682
-0.022852602662549137
-0.02324429412287961
-0.06810802120818595
-0.06873261412160439
-0.0676459922481837
-0.01909325538963156
-0.01944569848402912
-0.016328227200784525
-0.017407321409034688
-0.0181970319188502
-0.0135074400742648
-0.011070902685399784
-0.010145226431720148
-0.006765123438373977
-0.009712825101781446
-0.009156292743368993
-0.007993931712933262
-0.008495318241244306
-0.008168690328524996
-0.008238494608515052
-0.01623885170415743
-0.014463444833248408
-0.01266776520604234
-0.028450023582421352
-0.02713591332375719
-0.02480406943214126
-0.022326581533341217
-0.02301173430550139
-0.03536360705962384
-0.055464422989578634
-0.056699980831540854
-0.05331258251981045
-0.062010637077591475
-0.06320597740982781
-0.06256579729300482
-0.055139780109470314
-0.05601299718896251
-0.05483749855884861
-0.060365447950410975
-0.060829321241426204
-0.06073646043662556
-0.054574560156836836
-0.055421253015609954
-0.056261789235659936
-0.05916608199690788
-0.05974983513740434
-0.05915036381253314
-0.053608891357545076
-0.054572594670451065
-0.05667804483390659
-0.05794403994615035
-0.05853068694419848
-0.057768664540237734
-0.007293271362529939
-0.007134379696641392
-0.007665694430794879
-0.02252095803526871
-0.02465201517586353
-0.025251855059541906
-0.0645189172765529
-0.06489589573873131
-0.06428693981512465
-0.01633279315818999
-0.015131290354218027
-0.004585798938160407
-0.026172716334540425
-0.02479948011895518
-0.021580282860647542
-0.015185652494964855
-0.010138370833175056
-0.011257914517634308
-0.011550095289760098
-0.013481135095027129
-0.0164796585558999
-0.040821279440497196
-0.04107735069276093
-0.04040863416302192
-0.012613099506013265
-0.011019964463450799
-0.012463877224198
-0.03950538856545273
-0.03768723576236639
-0.03788077586675934
-0.024408730472754346
-0.027174674378096456
-0.02607265531946361
-0.03824752099136014
-0.0357441301689215
-0.035853595184278345
-0.010222243586528193
-0.011234030004276705
-0.01403790775587449
-0.03671066517439111
-0.03415881743997563
-0.03294418700332595
-0.028958900224121474
-0.030970049839668626
-0.028280994984858535
-0.04632577035845635
-0.045880011459055216
-0.04440169812530404
-0.04199795924128418
-0.04024388056286778
-0.03903508475558272
-0.02335218852868665
-0.025332370264285583
-0.026191378244797166
-0.02350906402143961
-0.025465838547570577
-0.02659324172723642
-0.06101853539757929
-0.06128532959885623
-0.06065688025103086
-0.05804185572919095
-0.05804270744565522
-0.05740624531832391
-0.023571441975737142
-0.025027989984044253
-0.025199837327881766
-0.055664778744631535
-0.05543202441853345
-0.05461511345133295
-0.022577810093404396
-0.024112705930192647
-0.02562840987946116
-0.053460285975167374
-0.05280350731066877
-0.05200524688247656
-0.02136024443830749
-0.0225091804660428
-0.022885413006709387
-0.05109756544248794
-0.05042690058980399
-0.04833908896057876
-0.02074634828675342
-0.02198936434216947
-0.02315958518478621
-0.04868217772069599
-0.04783883014559735
-0.04569735829556913
-0.006118984645677269
-0.005963456656185775
-0.007173272643355808
-0.012603839586284001
-0.01266675844547406
-0.018577013761744244
-0.02387624942273622
-0.022409157283152677
-0.01934142115165642
-0.012472663063719643
-0.010780609146842325
-0.008158936470229777
-0.021817443041848277
-0.020695030536371034
-0.016944629020898237
-0.008910877727561982
-0.007990743048604624
7.197521168514804e-05
-0.01265029004814168
-0.01191642739905996
-0.0031955294808768586
-0.019990645087095416
-0.018758461751050073
-0.014954477235809227
-0.017320069128628657
-0.018246486030309685
-0.028772949062659623
-0.05250865324594147
-0.05305774237610431
-0.055877100337800724
-0.05675764244368504
-0.05708997542610134
-0.05703916851511275
-0.05034967392422528
-0.051504098353424406
-0.05368675200035655
-0.055306512992922205
-0.05575913527574997
-0.05665337848684262
-0.048352188252637034
-0.04948736292895821
-0.051953650747363515
-0.05399128075854899
-0.05416824804101491
-0.05610770802179202
-0.013181557994080665
-0.01388064115349918
-0.023068982852145543
-0.04606532788174419
-0.04745664498056336
-0.04954733670800808
-0.052571100532616634
-0.05278617421529052
-0.05521288535218273
-0.04352425590330578
-0.04526210247023313
-0.047672921627308705
-0.05151627894767836
-0.05138280507456704
-0.05392872638464014
-0.01010072957604776
-0.01024420120387955
-0.01470882404011278
-0.018673611643727713
-0.01684156494209379
-0.012242218415979552
-0.009891070452037984
-0.008251422616719154
-0.00570273263164058
-0.01708294821016326
-0.015521979071003838
-0.01086661341536513
-0.0070529634910594255
-0.005467635515139504
0.0027992318653016616
-0.04040510961232685
-0.0424412502097455
-0.045331392237964827
-0.050075914413390196
-0.049666754765152386
-0.05254816878559746
-0.03729089213582781
-0.03931441582607864
-0.04142162269507742
-0.04840306341042446
-0.04824850512494968
-0.04948822895972721
-0.01111217127459667
-0.00893408929887102
-0.008066606264649804
-0.009670804801063347
-0.007225504555406866
-0.007216776547632598
-0.00799202304437263
-0.0061207026043339306
-0.006255804757331374
-0.006505772650872472
-0.005329529234727254
-0.005665548644174593
-0.005639092505911996
-0.004677369219117672
-0.0050373656390479875
-0.00480598459940729
-0.004252001437994188
-0.004309585477002318
-0.013838790518605745
-0.008569455790825038
-0.009780939864814752
-0.010482797126993683
-0.008799197071325494
-0.01017206333816906
-0.03481881676132702
-0.03244876556526539
-0.030903505789634387
-0.01260870589073727
-0.006597015982985104
-0.008081415271329568
-0.008187260408542018
-0.008585432335531534
-0.012539203148995176
-0.03189943411081525
-0.03099080873483295
-0.02758305141147405
-0.028297192590271764
-0.028519830471701386
-0.02574364176006324
-0.00831257336749129
-0.00617755195522549
-0.007928774256488753
-0.026855812467442727
-0.026633296723749086
-0.024424765421375453
-0.010693201567222978
-0.004885047481545384
-0.006368848888948626
-0.005456206814105746
-0.005886452992858423
-0.009986255792195343
-0.025297034468341344
-0.024520618454370827
-0.022698625931492824
-0.023606434806178474
-0.0228436850901711
-0.020355785118190865
-0.019290728220077887
-0.024393792751847845
-0.01950163614014447
-0.014603832901118372
-0.019635570972825443
-0.016329777042544194
-0.0055456695797759924
-0.004313881749317394
-0.005862465273420254
-0.021653838750408518
-0.022226341470034813
-0.018137421859767175
-0.026892289059439398
-0.0266672712989156
-0.025416898642561355
-0.02433601963433324
-0.0236495684939399
-0.02073144245146533
-0.01854323909995142
-0.020455744768523593
-0.016495991164886703
-0.03766634686889269
-0.03595295933457069
-0.034465502006233766
-0.03453279170775135
-0.03257686889808469
-0.030813003591087542
-0.03209333676889442
-0.030404034434489254
-0.029415276123451194
-0.030882475881762975
-0.02869080138047619
-0.026376837003015404
-0.029737321004180424
-0.02791772012376123
-0.025453675953869347
-0.02103292762456742
-0.02375944399902324
-0.02497914584558561
-0.025090735597618756
-0.024234199103697326
-0.027877947281220127
-0.046553560292075954
-0.04530946804653659
-0.04306910452134689
-0.04435226552374867
-0.04321527932515098
-0.04042969978717897
-0.025229690560138723
-0.025086980246033102
-0.02800955217930884
-0.026217150520082597
-0.02592730289212952
-0.02929431391061414
-0.04277679617801908
-0.04117256805910878
-0.03820925994391076
-0.040974768529500785
-0.03917955129681289
-0.03613289392556316
-0.03003827789225023
-0.0282934244216549
-0.03251462954206001
-0.033132729333979365
-0.033197116281716156
-0.03237875601769723
-0.039373272787324345
-0.03741222824541979
-0.034577269261561155
-0.038186835071166846
-0.036394412904856475
-0.032974816503044346
-0.03396419909895951
-0.03379624237278451
-0.03191311330357018
-0.03721586754255248
-0.0350967023247983
-0.03142750828028893
-0.031012050191569288
-0.030730100934806368
-0.030940053367913087
-0.02101324801349279
-0.023305453613842685
-0.024410939867855048
-0.03264947854104827
-0.03143175974889038
-0.03001587742240747
-0.02197822668696051
-0.024473733682980718
-0.024937028532160094
-0.012242006116751317
-0.01377444102537017
-0.01110024601013501
-0.013196263500344588
-0.015337477221311418
-0.012410683515163697
-0.0009542573835932676
-0.001563036195941249
-0.0013104375050286847
-0.0009649786734677203
-0.0011682800691380387
-0.0005260886643050465
-0.0005439830955634152
-0.0007016588140839997
0.0009241759455056339
-0.00486583861443057
-0.005037215043855674
-0.006902765485590632
-0.004209066878682211
-0.003995853996912116
-0.005239949166653344
-0.010381714238670584
-0.009223121558239547
-0.0009569041822878226
-0.015592573609889046
-0.013982368342220603
-0.008818916459143346
-0.00861821057221711
-0.007692340914615278
-0.011479334579738156
-0.014173395069701271
-0.011962892870567924
-0.007408472119213023
-0.004835628706829589
-0.00370699378731827
0.0042805944611981235
-0.01358239471161527
-0.011111737454070274
-0.009011034820480386
-0.04671272773259735
-0.0462630126709121
-0.04632329899443827
-0.00793004134525594
-0.006574942342081913
-0.0025348731046361405
-0.012966219264247033
-0.010826005725307135
-0.006488533108635409
-0.008448158821041845
-0.006839881418978113
-0.0008367763690190852
-0.011836248907983278
-0.00971176044447598
-0.00491765186317668
-0.007340355038953738
-0.006842034351990096
-0.011758947754932456
-0.009839923176350447
-0.009668189764737127
-0.016994483922487306
-0.033130333020982075
-0.035151275216841874
-0.0373122641739579
-0.029235258102833894
-0.030089852813857648
-0.033214035572622556
-0.044917734467371566
-0.04393362026536042
-0.04346874604488817
-0.024598761121212488
-0.025550228863285906
-0.028238466653842668
-0.04297623301514492
-0.04227119763078685
-0.0402107959662205
-0.019355602465166245
-0.020878884410654077
-0.0230244320119084
-0.04039280758917895
-0.03991116219341812
-0.03730598981284348
-0.022082165581202778
-0.020619751120030297
-0.01604814026797549
-0.037480436558557415
-0.037097316723731365
-0.03435496528462291
-0.022548094876901004
-0.021106562535405677
-0.01758477108078789
-0.02103720512401264
-0.019032277782764086
-0.01428155780093505
-0.018377471893932417
-0.01672096876750098
-0.011972329312377834
-0.034675997103168335
-0.03431934680908303
-0.03164599911244665
-0.015682476364537658
-0.013843767451502797
-0.010254710472265723
-0.02206137883166224
-0.020941801905659533
-0.018180490753394892
-0.03207596174619526
-0.031801848878376913
-0.028499466925938233
-0.00392302658051992
-0.003985582959642341
-0.003199268934811549
-0.006773066466430169
-0.006164222048407355
-0.009487623419064183
-0.0107399104730918
-0.008892275338528285
-0.00369226483814515
-0.0062699844473222376
-0.005101941673831263
0.0003333600314803154
-0.009197501977026097
-0.007769599912801738
-0.0022484244295230623
-0.005874419028247163
-0.004938406177573277
0.00024008627460979674
-0.007965497985151093
-0.006655553638526153
-0.0005687936710173256
-0.004637443485609716
-0.004343755634407258
-0.006308289554409911
-0.007266587483087493
-0.00574963272940164
0.00048211658320446187
-0.0025597680006567117
-0.0013404772916484771
0.006701569991635982
-0.0035728021436470785
-0.0025253339580787538
0.005764755263394223
-0.0052108593712184535
-0.004759246783981068
-0.00786201227685552
-0.012127902226267324
-0.013212784273677346
-0.01406122803165883
-0.015398270977354613
-0.016477565603701068
-0.018306825016647394
-0.010014582914533025
-0.010860046972717386
-0.010318976172543442
-0.02095530660216429
-0.020664509779223905
-0.01792783005960479
-0.021413925685959616
-0.02038684911352859
-0.018042455786918855
-0.027047493834750982
-0.027373521613546913
-0.022890861642348003
-0.02941951775030213
-0.029230176799960567
-0.02570194986796427
-0.02066964317151832
-0.020027473996457344
-0.01897753859365275
-0.02514858453521639
-0.02490468034213038
-0.0208604656587307
-0.020749491157085402
-0.020221546334732676
-0.01914132201039945
-0.02373230203652848
-0.023496248792105243
-0.01906525362747066
-0.02121410347181798
-0.020652348929187665
-0.019241837720362538
-0.02266497042131248
-0.0223503855153531
-0.01778330650368697
-0.02140550344333166
-0.020961955071771017
-0.01967386079361836
-0.022150356270090106
-0.021797868236963117
-0.01778473980441264
-0.02124184965128025
-0.020953821010862156
-0.01955901883132141
-0.02160467408162828
-0.021286157997980733
-0.018492640302105824
-0.0046355271350537845
-0.003000121220927833
0.004420473177440026
-0.006303395843433944
-0.004667054534813147
0.001003666490320003
-0.003388090086941429
-0.00287187902549787
-0.004080875494157571
-0.020520737226218787
-0.020431649274885937
-0.019708126075598492
-0.020622785296089824
-0.02047989651289791
-0.01851452298927817
-0.01986393981544358
-0.02002524549626967
-0.018557839473813103
-0.020035278304217412
-0.02002524549626967
-0.018913864215999946
-0.018960046235580202
-0.019158007393377374
-0.01812497358266585
-0.019155318830108015
-0.019290640557990787
-0.01890220857750459
-0.003252545897166403
-0.0032828635917987216
-0.002468656595293154
-0.0025004428831671478
-0.002611434660841513
-0.0020796946312461547
-0.001837577753999264
-0.0019444450269658334
-0.0018180863836194956
-0.0084935666832481
-0.003399700289020994
-0.004899367537781336
-0.02093633639677289
-0.020057260633341838
-0.01571247180763858
-0.002706391907198206
-0.004443049963564345
-0.007742686481976395
-0.018000812519268026
-0.017878354548165595
-0.014651825532541239
-0.012442769713524798
-0.016657560344320844
-0.010813104269857248
-0.0034425289680431828
-0.0025175791951736956
-0.004508542766773671
-0.015127545825568887
-0.014591247335498242
-0.011608195596789016
-0.008697094743893312
-0.011266954231608957
-0.00482893800973673
-0.014762180445127332
-0.01294751894796649
-0.008495539029710399
-0.016108169170632534
-0.01791245972071742
-0.01227495658634693
-0.011685016857525708
-0.012073668140324546
-0.007099652830015338
-0.02793582943394258
-0.02584946580342794
-0.022537773110782908
-0.02552063266750855
-0.021550024047513383
-0.01808995867576128
-0.00022228099068987922
-0.0003445675142629629
0.0004856050232812817
-0.00021205162884790866
-0.00018692498924498493
0.0003670346385072978
-0.00020039859018330936
-9.789728168814076e-05
-0.00024029390867069567
-0.004194646553857639
-0.0030223241563935655
0.0017464854571938619
-0.005277249245296529
-0.0036975528383422908
0.0031245223461557775
-0.0015972364071856432
-0.0004675120010054489
0.008110138706129635
-0.0044256501439216694
-0.0029634533555629055
0.004453305554677529
-0.01821046847183337
-0.018354724788657722
-0.01814884705846749
-0.018678590211660948
-0.018568372858323162
-0.01881343616373803
-0.017179224975134934
-0.017547205437258243
-0.017818996316496652
-0.017898848046904194
-0.017970041425731373
-0.01870028240885093
-0.001335354716794447
-0.0017467497943058662
-0.0013912024963391345
-0.0009677889203542861
-0.001374763388185532
-0.0008163205716901806
-0.0008484022555998057
-0.0009533179147161854
-0.0006526861051091929
-0.0006031223741923763
-0.0008716442842369986
-0.00016982156139359346
-0.00606508570123403
-0.0016805647163575352
-0.0036666010199736666
-0.0014368654979119205
-0.001447131522610548
-0.003116370959682855
-0.0010117622081878181
-0.0023634824240421717
-0.005528728601139676
-0.010571125781317876
-0.011398656245517877
-0.007351074411970143
-0.008918515065506597
-0.009374639719032962
-0.0062180537574960315
-0.003918485505264624
-0.000695464284218306
-0.002661210528115947
-0.00787598337084183
-0.006254636155690097
-0.0060857274643029025
-0.0021986942243060223
-0.00030491405205988704
-0.0010637345825925833
-0.00013379279872227545
-0.0007175287260289659
-0.001891107856997842
2.2036023773530735e-05
-0.0010473397724482516
-0.0043760644718637935
-0.005062925015601604
-0.00405771140634359
-0.005339159595718185
-0.0033528697499170673
-0.003893786383059622
-0.003477144549455833
-0.0028377090092629423
-0.0036417325049705775
-0.0026528701770823495
0.0008491302625731757
-0.0002789060068185204
-0.0011185582003927978
0.0011344036256445025
-0.0003827934744068555
-0.002312304344051801
-0.0019531577513817347
-0.0013386859121576882
-0.002312304344051801
0.0001681846595675757
-0.00028461658350473765
-0.0018869677347163074
-0.00395749786557721
-0.005559171871471791
-0.0034245169361869577
-0.0006390147849569215
-0.00333681845291069
-0.001589135594489766
0.000939095326967225
-0.0001602706734915907
-0.0007832868242946697
6.64862706906562e-05
-0.0002248043265654328
-0.0012951502081579153
0.0011189286780512848
-0.00012570301491646882
-0.0008179511637339238
2.548342413571889e-05
-0.00012570301491646882
-0.0008179511637339238
-0.007481649567594677
-0.007927508196422413
-0.0031016827978131776
-0.0032190769511947917
-0.0031762576570306556
-0.001586036692457991
-0.019261529926129922
-0.01898108022145367
-0.012551752505958871
-0.017547105617880362
-0.016085587813075675
-0.01019970776460193
-0.003585310969496596
-0.0025530267970597913
-0.005412191220674775
-0.002182664702945417
-0.0018317450737783832
-0.004470905450209097
-0.0013917395557520788
-0.001334596326766742
-0.004483185216335625
-0.0028284137367360234
-0.002495941354557456
-0.0036568331514521117
-0.0006473882418567869
-0.0008263141728355267
-0.0031396723062153517
-0.0036885749583205913
-0.0022988939680301528
0.005298485070196279
-0.0014952436258703747
-0.000805475762654676
0.00020434163557207113
-0.002993817916929918
-0.001424332557182654
0.0071029721101346
-0.0025507300795509585
-0.0013045362848337605
0.00459251702305957
-0.0024642156210787423
-0.001070507736462159
0.007351213241422082
-0.002876692696774648
-0.0013511863751884345
0.006629717780559018
-0.001513476636397591
-0.000546265649645868
0.008889238534969684
-0.0018566210021166312
-0.000765927510663599
0.006281169505412184
-0.0011180723399316496
-0.0003823434387845845
0.006765507001302808
-0.0012689268092213317
-0.0003853789231159262
0.008108465991819023
-0.00022035854431044194
-7.331654053725206e-05
0.002773772399503048
-0.0009007097052736833
-0.00012988492815388397
0.009115018254297714
-0.0006803511609632415
-5.656838761663184e-05
0.006341245854794661
-0.0009689719952083668
-0.00026503197380748337
0.007146871605850014
-0.0007585404046910338
-0.0001063676078485726
0.009771571984893463
-0.0007469592567719766
-0.00012967677816598581
0.008694074246565429
-0.0003259626172236894
-4.665009035467405e-05
0.00203720075749945
-0.0010826026914388912
-0.000675228681948726
0.0013780368889619254
-0.002091078956903933
-0.0017171474609528798
-0.0008088799456271106
-0.00609218723258667
-0.0067090118343229865
-0.004963031582743239
-0.00800559206434249
-0.008843327686431968
-0.0076594940810454926
-0.0029828108794430655
-0.0032747024573725695
7.606838292879248e-05
-0.004478941363698067
-0.004877206345673015
-0.0018829270650779855
-0.014413549947085104
-0.01527636921917687
-0.015792660620496314
-0.015761232666169033
-0.016382403767158493
-0.016820483101747965
-0.01570383580248437
-0.01632647466715371
-0.01678779405211379
-0.016780846117330318
-0.01710089545458775
-0.017803310578603047
-0.011996742035135904
-0.01221631062419967
-0.012361199003406714
-0.013160046583041336
-0.01378834986121014
-0.01390473737521386
-0.014150364376953991
-0.014474874895056297
-0.013822150429011828
-0.01480278955651787
-0.015326673891367906
-0.015064972030502362
-0.009018937544072916
-0.009117757704930732
-0.008358374731264934
-0.010533119727340529
-0.0105016870422694
-0.010097092651939178
-0.0121248173393043
-0.012273668547412176
-0.010668250072157822
-0.013150577209517681
-0.01339699189603142
-0.012007086338431543
-0.005864846888695721
-0.0065909852827004956
-0.005183935881565426
-0.007245207910088614
-0.007737324070783382
-0.006586502107652665
-0.009340747980838835
-0.009731391097714872
-0.00797763383266269
-0.010602127763963883
-0.010928037805757414
-0.009164646118251187
-0.00415322277656507
-0.0041908393118741906
-0.002556808977334694
-0.005133428894590942
-0.005431213800639452
-0.0038375031945777445
-0.007188243866475189
-0.007280235378378853
-0.005406313753867827
-0.008293309067899126
-0.008622836718762024
-0.006645457504284975
-0.002818834443407758
-0.0032642651548493657
-0.0027696688774737433
-0.003344586276422711
-0.003199528444088691
-0.002862042314519472
-0.005180366552297997
-0.005015920943923334
-0.003606051479071273
-0.006416971527345176
-0.006217827501453737
-0.004426928443226582
-0.0021356667451897034
-0.0025766854568279292
-0.0018129779001280774
-0.0026291031913935163
-0.002878891423902928
-0.0023939482826220207
-0.0028552225358442684
-0.003140243625462317
-0.002022709900801026
-0.004149021768014049
-0.004008619646977662
-0.0027265745237904124
-0.0007120347420869836
-0.0008605302464265858
-0.0004975518753478098
-0.0015830118660597897
-0.001975067391998077
-0.0012874797919766496
-0.0007814107389080531
-0.0009259300497724954
-0.0004087157293694536
-0.0019770537290743364
-0.0021777867240402606
-0.0012568764744518644
0.0
0.0
0.0
0.0
0.0
0.0
0.0
0.0
0.0
0.0
0.0
0.0
-0.014646206763975492
-0.013096019884716606
-0.006909139050564842
-0.003035021089910119
-0.00308939606650466
-0.002849504776533127
-0.0012902858553992692
-0.0010501054479768502
-0.0009951334316174749
-0.0010196134511612873
-0.0007184916874292658
-0.0009828274768550742
-0.0007196230717692601
-0.0004228359884731362
-0.0008812860923542747
-0.0034759010921431087
-0.003140405815014371
-0.0027936979510972655
-0.003356919853875258
-0.003190713734974026
-0.002578144010598528
-0.0031598801733081824
-0.0031916229181225696
-0.0028079543097072218
-0.0031058797952313796
-0.003155910842481445
-0.0023098753408928897
-0.0026174574821771534
-0.0028953048537620216
-0.0019099936864923719
-0.003072385250922465
-0.003018299057365041
-0.0015648861287071083
-0.0023615321088902384
-0.0017516557890739672
-0.0008363826015975289
-0.0006482138480943513
-0.00033928469988463964
0.0
-0.0007448528267584414
-0.0008359131651921003
0.0018891209892057303
-0.0014508669494944912
-0.0016980365861654309
0.0014585312166755478
-0.0015199185766205316
-0.0011297282230747338
-0.0003326262411683934
-0.00034314436571904
-0.0002196618610177307
-0.002608069029557499
-0.0006188699853003953
-6.434379410023407e-05
0.007967561047641182
-0.0006188699853003953
-6.785968703928603e-05
0.008850869412260669
-0.00010584421559466968
-3.05065246633772e-05
0.00514892623942083
-0.0004532680755802165
-7.011456181110268e-06
0.008677834005076141
-0.0003474238599855468
2.3495068482266913e-05
0.0035289077656553178
0.0
0.0
0.0
0.0
0.0
0.0
-0.0008726090562765688
-6.453365307384208e-05
-0.0005118633838632455
0.000694829375516105
-9.965595836325321e-05
-0.00021254583627808489
-0.00018365598080066154
-0.00012570301491646882
-0.0003838181039530305
-0.0006809456030056008
-5.7105766862171965e-06
-0.0007684095343235095
-0.009134596304890824
-0.009020906542076752
-0.0018223458108304652
-0.0021536223418180877
-0.002258564270856623
-0.00146095142560511
-0.0016427429734765394
-0.001538324030157771
-0.0011602346552885025
-0.0003027289512837269
6.0065230878616134e-05
0.0071424095736450114
-0.0003027289512837269
6.0065230878616134e-05
0.0071424095736450114
-0.0007195557906545647
-0.0005635581686343872
-0.00020973200067294953
-0.00011141124544271205
-0.00015622851996675955
7.055903561584954e-05
-0.00015085446928968214
-3.0354843313416427e-06
0.0013429589905162283
-0.0002761291526280833
-0.0003323369871185767
0.0010663785292155906
-0.00039404186301454674
-0.00020271933204218435
3.060331752478579e-05
-0.0004247672682392461
-1.4267279398951872e-05
0.0
0.0009307072577704273
-9.965595836325321e-05
-0.0002669885361102681
0.0006665358660971274
-9.965595836325321e-05
-0.00034155351598631024
-0.00484205410833957
-0.0030103716338953372
-0.0009630951238543916
-0.00018132663309824111
0.00010366501067838934
0.006152018798557056
-0.00018132663309824111
0.00010366501067838934
0.006152018798557056
6.83242354817775e-05
4.9113712219896756e-05
0.0040276790997552546
3.556712852264017e-05
0.0001285424959245054
0.005586912920514847
-1.0382855072361783e-05
9.117012048331114e-05
0.0028484906484708026
-1.0382855072361783e-05
9.117012048331114e-05
0.0028484906484708026
-3.275710695913734e-05
7.942878370460864e-05
0.0015592338207595922
0.0
-3.5158929390519235e-06
0.000883308364619488
-6.937599682106947e-05
-6.539980334590965e-05
8.883614597835603e-05
1.1581147919057245e-05
-2.330917031741322e-05
-0.0010774977383280334
-4.73687995338862e-05
-4.824723801196998e-05
0.0013351852662770393
0.0
0.0
0.0
4.279008397002304e-05
4.9113712219896756e-05
0.0004967216816107025
4.279008397002304e-05
4.9113712219896756e-05
0.0004967216816107025
-0.0004681217398275823
-0.00021364806966544435
-0.0006645891052705324
-0.00019527259452781725
-0.00013263316461341096
-0.0007772349948387541
-0.00026417139167329997
0.0
-7.456497987604216e-05
0.0005428946880637927
-6.21348304011887e-05
-0.00016718542897840275
0.0005428946880637927
-6.21348304011887e-05
-0.00016718542897840275
0.0004030574006627097
-6.781215156770344e-05
-0.00010387480085696267
0.0004597059524916649
-6.781215156770344e-05
-0.00010387480085696267
-0.0008784853563167663
-2.6047056553215598e-05
-0.00017127226767494559
-0.0030293874529030984
-0.0009558924377508326
0.0
0.0003086335979414566
-4.8881466175921957e-05
-9.985829360421085e-05
0.0002641105086575921
-4.8881466175921957e-05
-9.985829360421085e-05
-0.0001713384887738364
0.0
-0.0003560247421868498
-5.467927033715192e-05
0.0
-0.0001415821799567226
-0.00024290693103556633
0.0
0.0
-8.669527771995417e-05
0.0
0.0
-5.8173924123138046e-05
0.0
0.0
-4.452308928386444e-05
0.0
0.0
9.141666181040442e-05
0.0
-9.169976118257069e-05
0.00014349727740366517
0.0
-9.169976118257069e-05
0.00014349727740366517
0.0
-9.169976118257069e-05
9.141666181040442e-05
0.0
-9.169976118257069e-05
-8.817118105064737e-06
0.0
0.0
6.254651327491683e-05
0.0
-4.531174630761079e-05
7.136363137998157e-05
0.0
-4.531174630761079e-05
5.664855182895519e-05
0.0
0.0
-0.001093445253915566
0.0
0.0
0.0
0.0
0.0
0.0
0.0
0.0
0.0
0.0
0.0
0.0
0.0
0.0
0.0
0.0
0.0
0.0
0.0
0.0
0.0
0.0
0.0
0.0
0.0
0.0
0.0
0.0
0.0
0.0
0.0
0.0
0.0
0.0
0.0
0.0
0.0
0.0
0.0
0.0
0.0
0.0
0.0
0.0
0.0
0.0
0.0
0.0
0.0
0.0
0.0
0.0
0.0
0.0
0.0
0.0
0.0
0.0
0.0
0.0
0.0
0.0
0.0
0.0
0.0
0.0
0.0
0.0
0.0
0.0
0.0
0.0
0.0
0.0
0.0
0.0
0.0
0.0
0.0
0.0
0.0
0.0
0.0
0.0
0.0
0.0
0.0
0.0
0.0
0.0
0.0
0.0
0.0
0.0
0.0
0.0
0.0
0.0
0.0
0.0
0.0
0.0
0.0
0.0
0.0
0.0
0.0
0.0
0.0
0.0
0.0
0.0
0.0
0.0
0.0
0.0
0.0
0.0
0.0
0.0
0.0
0.0
0.0
0.0
0.0
0.0
0.0
0.0
0.0
0.0
0.0
0.0
0.0
0.0
0.0
0.0
0.0
0.0
0.0
0.0
0.0
0.0
0.0
0.0
0.0
0.0
0.0
0.0
0.0
0.0
0.0
0.0
0.0
0.0
0.0
0.0
0.0
0.0
0.0
0.0
0.0
0.0
0.0
0.0
0.0
0.0
0.0
0.0
0.0
0.0
0.0
0.0
0.0
0.0
0.0
0.0
0.0
0.0
0.0
0.0
0.0
0.0
0.0
0.0
0.0
0.0
0.0
0.0
0.0
0.0
0.0
0.0
0.0
0.0
0.0
0.0
0.0
0.0
0.0
0.0
0.0
0.0
0.0
0.0
0.0
0.0
0.0
0.0
0.0
0.0
0.0
0.0
0.0
0.0
0.0
0.0
0.0
0.0
0.0
0.0
0.0
0.0
0.0
0.0
0.0
0.0
0.0
0.0
0.0
0.0
0.0
0.0
0.0
0.0
0.0
0.0
0.0
0.0
0.0
0.0
0.0
0.0
0.0
0.0
0.0
0.0
0.0
0.0
0.0
0.0
0.0
0.0
0.0
0.0
0.0
0.0
0.0
0.0
0.0
0.0
0.0
0.0
0.0
0.0
0.0
0.0
0.0
0.0
0.0
0.0
0.0
0.0
0.0
0.0
0.0
0.0
0.0
0.0
0.0
0.0
0.0
0.0
0.0
0.0
0.0
0.0
0.0
0.0
0.0
0.0
0.0
0.0
0.0
0.0
0.0
0.0
0.0
0.0
0.0
0.0
0.0
0.0
0.0
0.0
0.0
0.0
0.0
0.0
0.0
0.0
0.0
0.0
0.0
0.0
0.0
0.0
0.0
0.0
0.0
0.0
0.0
0.0
0.0
0.0
0.0
0.0
0.0
0.0
0.0
0.0
0.0
0.0
0.0
0.0
0.0
0.0
0.0
0.0
0.0
0.0
0.0
0.0
0.0
0.0
0.0
0.0
0.0
0.0
0.0
0.0
0.0
0.0
0.0
0.0
0.0
0.0
0.0
0.0
0.0
0.0
0.0
0.0
0.0
0.0
0.0
0.0
0.0
0.0
0.0
0.0
0.0
0.0
0.0
0.0
0.0
0.0
0.0
0.0
0.0
0.0
0.0
0.0
0.0
0.0
0.0
0.0
0.0
0.0
0.0
0.0
0.0
0.0
0.0
0.0
0.0
0.0
0.0
0.0
0.0
0.0
0.0
0.0
0.0
0.0
0.0
0.0
0.0
0.0
0.0
0.0
0.0
0.0
0.0
0.0
0.0
0.0
0.0
0.0
0.0
0.0
0.0
0.0
0.0
0.0
0.0
0.0
0.0
0.0
0.0
0.0
0.0
0.0
0.0
0.0
0.0
0.0
0.0
0.0
0.0
0.0
0.0
0.0
0.0
0.0
0.0
0.0
0.0
0.0
0.0
0.0
0.0
0.0
0.0
0.0
0.0
0.0
0.0
0.0
0.0
0.0
0.0
0.0
0.0
0.0
0.0
0.0
0.0
0.0
0.0
0.0
0.0
0.0
0.0
0.0
0.0
0.0
0.0
0.0
0.0
0.0
0.0
0.0
0.0
0.0
0.0
0.0
0.0
0.0
0.0
0.0
0.0
0.0
0.0
0.0
0.0
0.0
0.0
0.0
0.0
0.0
0.0
0.0
0.0
0.0
0.0
0.0
0.0
0.0
0.0
0.0
0.0
0.0
0.0
0.0
0.0
0.0
0.0
0.0
0.0
0.0
0.0
0.0
0.0
0.0
0.0
0.0
0.0
0.0
0.0
0.0
0.0
0.0
0.0
0.0
0.0
0.0
0.0
0.0
0.0
0.0
0.0
0.0
0.0
0.0
0.0
0.0
0.0
0.0
0.0
0.0
0.0
0.0
0.0
0.0
0.0
0.0
0.0
0.0
0.0
0.0
0.0
0.0
0.0
0.0
0.0
0.0
0.0
0.0
0.0
0.0
0.0
0.0
0.0
0.0
0.0
0.0
0.0
0.0
0.0
0.0
0.0
0.0
0.0
0.0
0.0
0.0
0.0
0.0
0.0
0.0
0.0
0.0
0.0
0.0
0.0
0.0
0.0
0.0
0.0
0.0
0.0
0.0
0.0
0.0
0.0
0.0
0.0
0.0
0.0
0.0
0.0
0.0
0.0
0.0
0.0
0.0
0.0
0.0
0.0
0.0
0.0
0.0
0.0
0.0
0.0
0.0
0.0
0.0
0.0
0.0
0.0
0.0
0.0
0.0
0.0
0.0
0.0
0.0
0.0
0.0
0.0
0.0
0.0
0.0
0.0
0.0
0.0
0.0
0.0
0.0
0.0
0.0
0.0
0.0
0.0
0.0
0.0
0.0
0.0
0.0
0.0
0.0
0.0
0.0
0.0
0.0
0.0
0.0
0.0
0.0
0.0
0.0
0.0
0.0
0.0
0.0
0.0
0.0
0.0
0.0
0.0
0.0
0.0
0.0
0.0
0.0
0.0
0.0
0.0
0.0
0.0
0.0
0.0
0.0
0.0
0.0
0.0
0.0
0.0
0.0
0.0
0.0
0.0
0.0
0.0
0.0
0.0
0.0
0.0
0.0
0.0
0.0
0.0
0.0
0.0
0.0
0.0
0.0
0.0
0.0
0.0
0.0
0.0
0.0
0.0
0.0
0.0
0.0
0.0
0.0
0.0
0.0
0.0
0.0
0.0
0.0
0.0
0.0
0.0
0.0
0.0
0.0
0.0
0.0
0.0
0.0
0.0
0.0
0.0
0.0
0.0
0.0
0.0
0.0
0.0
0.0
0.0
0.0
0.0
0.0
0.0
0.0
0.0
0.0
0.0
0.0
0.0
0.0
0.0
0.0
0.0
0.0
0.0
0.0
0.0
0.0
0.0
0.0
0.0
0.0
0.0
0.0
0.0
0.0
0.0
0.0
0.0
0.0
0.0
0.0
0.0
0.0
0.0
0.0
0.0
0.0
0.0
0.0
0.0
0.0
0.0
0.0
0.0
0.0
0.0
0.0
0.0
0.0
0.0
0.0
0.0
0.0
0.0
0.0
0.0
0.0
0.0
0.0
0.0
0.0
0.0
0.0
0.0
0.0
0.0
0.0
0.0
0.0
0.0
0.0
0.0
0.0
0.0
0.0
0.0
0.0
0.0
0.0
0.0
0.0
0.0
0.0
0.0
0.0
0.0
0.0
0.0
0.0
0.0
0.0
0.0
0.0
0.0
0.0
0.0
0.0
0.0
0.0
0.0
0.0
0.0
0.0
0.0
0.0
0.0
0.0
0.0
0.0
0.0
0.0
0.0
0.0
0.0
0.0
0.0
0.0
0.0
0.0
0.0
0.0
0.0
0.0
0.0
0.0
0.0
0.0
0.0
0.0
0.0
0.0
0.0
0.0
0.0
0.0
0.0
0.0
0.0
0.0
0.0
0.0
0.0
0.0
0.0
0.0
0.0
0.0
0.0
0.0
0.0
0.0
0.0
0.0
0.0
0.0
0.0
0.0
0.0
0.0
0.0
0.0
0.0
0.0
0.0
0.0
0.0
0.0
0.0
0.0
0.0
0.0
0.0
0.0
0.0
0.0
0.0
0.0
0.0
0.0
0.0
0.0
0.0
0.0
0.0
0.0
0.0
0.0
0.0
0.0
0.0
0.0
0.0
0.0
0.0
0.0
0.0
0.0
0.0
0.0
0.0
0.0
0.0
0.0
0.0
0.0
0.0
0.0
0.0
0.0
0.0
0.0
0.0
0.0
0.0
0.0
0.0
0.0
0.0
0.0
0.0
0.0
0.0
0.0
0.0
0.0
0.0
0.0
0.0
0.0
0.0
0.0
0.0
0.0
0.0
0.0
0.0
0.0
0.0
0.0
0.0
0.0
0.0
0.0
0.0
0.0
0.0
0.0
0.0
0.0
0.0
0.0
0.0
0.0
0.0
0.0
0.0
0.0
0.0
0.0
0.0
0.0
0.0
0.0
0.0
0.0
0.0
0.0
0.0
0.0
0.0
0.0
0.0
0.0
0.0
0.0
0.0
0.0
0.0
0.0
0.0
0.0
0.0
0.0
0.0
0.0
0.0
0.0
0.0
0.0
0.0
0.0
0.0
0.0
0.0
0.0
0.0
0.0
0.0
0.0
0.0
0.0
0.0
0.0
0.0
0.0
0.0
0.0
0.0
0.0
0.0
0.0
0.0
0.0
0.0
0.0
0.0
0.0
0.0
0.0
0.0
0.0
0.0
0.0
0.0
0.0
0.0
0.0
0.0
0.0
0.0
0.0
0.0
0.0
0.0
0.0
0.0
0.0
0.0
0.0
0.0
0.0
0.0
0.0
0.0
0.0
0.0
0.0
0.0
0.0
0.0
0.0
0.0
0.0
0.0
0.0
0.0
0.0
0.0
0.0
0.0
0.0
0.0
0.0
0.0
0.0
0.0
0.0
0.0
0.0
0.0
0.0
0.0
0.0
0.0
0.0
0.0
0.0
0.0
0.0
0.0
0.0
0.0
0.0
0.0
0.0
0.0
0.0
0.0
0.0
0.0
0.0
0.0
0.0
0.0
0.0
0.0
0.0
0.0
0.0
0.0
0.0
0.0
0.0
0.0
0.0
0.0
0.0
0.0
0.0
0.0
0.0
0.0
0.0
0.0
0.0
0.0
0.0
0.0
0.0
0.0
0.0
0.0
0.0
0.0
0.0
0.0
0.0
0.0
0.0
0.0
0.0
0.0
0.0
0.0
0.0
0.0
0.0
0.0
0.0
0.0
0.0
0.0
0.0
0.0
0.0
0.0
0.0
0.0
0.0
0.0
0.0
0.0
0.0
0.0
0.0
0.0
0.0
0.0
0.0
0.0
0.0
0.0
0.0
0.0
0.0
0.0
0.0
0.0
0.0
0.0
0.0
0.0
0.0
0.0
0.0
0.0
0.0
0.0
0.0
0.0
0.0
0.0
0.0
0.0
0.0
0.0
0.0
0.0
0.0
0.0
0.0
0.0
0.0
0.0
0.0
0.0
0.0
0.0
0.0
0.0
0.0
0.0
0.0
0.0
0.0
0.0
0.0
0.0
0.0
0.0
0.0
0.0
0.0
0.0
0.0
0.0
0.0
0.0
0.0
0.0
0.0
0.0
0.0
0.0
0.0
0.0
0.0
0.0
0.0
0.0
0.0
0.0
0.0
0.0
0.0
0.0
0.0
0.0
0.0
0.0
0.0
0.0
0.0
0.0
0.0
0.0
0.0
0.0
0.0
0.0
0.0
0.0
0.0
0.0
0.0
0.0
0.0
0.0
0.0
0.0
0.0
0.0
0.0
0.0
0.0
0.0
0.0
0.0
0.0
0.0
0.0
0.0
0.0
0.0
0.0
0.0
0.0
0.0
0.0
0.0
0.0
0.0
0.0
0.0
0.0
0.0
0.0
0.0
0.0
0.0
0.0
0.0
0.0
0.0
0.0
0.0
0.0
0.0
0.0
0.0
0.0
0.0
0.0
0.0
0.0
0.0
0.0
0.0
0.0
0.0
0.0
0.0
0.0
0.0
0.0
0.0
0.0
0.0
0.0
0.0
0.0
0.0
0.0
0.0
0.0
0.0
0.0
0.0
0.0
0.0
0.0
0.0
0.0
0.0
0.0
0.0
0.0
0.0
0.0
0.0
0.0
0.0
0.0
0.0
0.0
0.0
0.0
0.0
0.0
0.0
0.0
0.0
0.0
0.0
0.0
0.0
0.0
0.0
0.0
0.0
0.0
0.0
0.0
0.0
0.0
0.0
0.0
0.0
0.0
0.0
0.0
0.0
0.0
0.0
0.0
0.0
0.0
0.0
0.0
0.0
0.0
0.0
0.0
0.0
0.0
0.0
0.0
0.0
0.0
0.0
0.0
0.0
0.0
0.0
0.0
0.0
0.0
0.0
0.0
0.0
0.0
0.0
0.0
0.0
0.0
0.0
0.0
0.0
0.0
0.0
0.0
0.0
0.0
0.0
0.0
0.0
0.0
0.0
0.0
0.0
0.0
0.0
0.0
0.0
0.0
0.0
0.0
0.0
0.0
0.0
0.0
0.0
0.0
0.0
0.0
0.0
0.0
0.0
0.0
0.0
0.0
0.0
0.0
0.0
0.0
0.0
0.0
0.0
0.0
0.0
0.0
0.0
0.0
0.0
0.0
0.0
0.0
0.0
0.0
0.0
0.0
0.0
0.0
0.0
0.0
0.0
0.0
0.0
0.0
0.0
0.0
0.0
0.0
0.0
0.0
0.0
0.0
0.0
0.0
0.0
0.0
0.0
0.0
0.0
0.0
0.0
0.0
0.0
0.0
0.0
0.0
0.0
0.0
0.0
0.0
0.0
0.0
0.0
0.0
0.0
0.0
0.0
0.0
0.0
0.0
0.0
0.0
0.0
0.0
0.0
0.0
0.0
0.0
0.0
0.0
0.0
0.0
0.0
0.0
0.0
0.0
0.0
0.0
0.0
0.0
0.0
0.0
0.0
0.0
0.0
0.0
0.0
0.0
0.0
0.0
0.0
0.0
0.0
0.0
0.0
0.0
0.0
0.0
0.0
0.0
0.0
0.0
0.0
0.0
0.0
0.0
0.0
0.0
0.0
0.0
0.0
0.0
0.0
0.0
0.0
0.0
0.0
0.0
0.0
0.0
0.0
0.0
0.0
0.0
0.0
0.0
0.0
0.0
0.0
0.0
0.0
0.0
0.0
0.0
0.0
0.0
0.0
0.0
0.0
0.0
0.0
0.0
0.0
0.0
0.0
0.0
0.0
0.0
0.0
0.0
0.0
0.0
0.0
0.0
0.0
0.0
0.0
0.0
0.0
0.0
0.0
0.0
0.0
0.0
0.0
0.0
0.0
0.0
0.0
0.0
0.0
0.0
0.0
0.0
0.0
0.0
0.0
0.0
0.0
0.0
0.0
0.0
0.0
0.0
0.0
0.0
0.0
0.0
0.0
0.0
0.0
0.0
0.0
0.0
0.0
0.0
0.0
0.0
0.0
0.0
0.0
0.0
0.0
0.0
0.0
0.0
0.0
0.0
0.0
0.0
0.0
0.0
0.0
0.0
0.0
0.0
0.0
0.0
0.0
0.0
0.0
0.0
0.0
0.0
0.0
0.0
0.0
0.0
0.0
0.0
0.0
0.0
0.0
0.0
0.0
0.0
0.0
0.0
0.0
0.0
0.0
0.0
0.0
0.0
0.0
0.0
0.0
0.0
0.0
0.0
0.0
0.0
0.0
0.0
0.0
0.0
0.0
0.0
0.0
0.0
0.0
0.0
0.0
0.0
0.0
0.0
0.0
0.0
0.0
0.0
0.0
0.0
0.0
0.0
0.0
0.0
0.0
0.0
0.0
0.0
0.0
0.0
0.0
0.0
0.0
0.0
0.0
0.0
0.0
0.0
0.0
0.0
0.0
0.0
0.0
0.0
0.0
0.0
0.0
0.0
0.0
0.0
0.0
0.0
0.0
0.0
0.0
0.0
0.0
0.0
0.0
0.0
0.0
0.0
0.0
0.0
0.0
0.0
0.0
0.0
0.0
0.0
0.0
0.0
0.0
0.0
0.0
0.0
0.0
0.0
0.0
0.0
0.0
0.0
0.0
0.0
0.0
0.0
0.0
0.0
0.0
0.0
0.0
0.0
0.0
0.0
0.0
0.0
0.0
0.0
0.0
0.0
0.0
0.0
0.0
0.0
0.0
0.0
0.0
0.0
0.0
0.0
0.0
0.0
0.0
0.0
0.0
0.0
0.0
0.0
0.0
0.0
0.0
0.0
0.0
0.0
0.0
0.0
0.0
0.0
0.0
0.0
0.0
0.0
0.0
0.0
0.0
0.0
0.0
0.0
0.0
0.0
0.0
0.0
0.0
0.0
0.0
0.0
0.0
0.0
0.0
0.0
0.0
0.0
0.0
0.0
0.0
0.0
0.0
0.0
0.0
0.0
0.0
0.0
0.0
0.0
0.0
0.0
0.0
0.0
0.0
0.0
0.0
0.0
0.0
0.0
0.0
0.0
0.0
0.0
0.0
0.0
0.0
0.0
0.0
0.0
0.0
0.0
0.0
0.0
0.0
0.0
0.0
0.0
0.0
0.0
0.0
0.0
0.0
0.0
0.0
0.0
0.0
0.0
0.0
0.0
0.0
0.0
0.0
0.0
0.0
0.0
0.0
0.0
0.0
0.0
0.0
0.0
0.0
0.0
0.0
0.0
0.0
0.0
0.0
0.0
0.0
0.0
0.0
0.0
0.0
0.0
0.0
0.0
0.0
0.0
0.0
0.0
0.0
0.0
0.0
0.0
0.0
0.0
0.0
0.0
0.0
0.0
0.0
0.0
0.0
0.0
0.0
0.0
0.0
0.0
0.0
0.0
0.0
0.0
0.0
0.0
0.0
0.0
0.0
0.0
0.0
0.0
0.0
0.0
0.0
0.0
0.0
0.0
0.0
0.0
0.0
0.0
0.0
0.0
0.0
0.0
0.0
0.0
0.0
0.0
0.0
0.0
0.0
0.0
0.0
0.0
0.0
0.0
0.0
0.0
0.0
0.0
0.0
0.0
0.0
0.0
0.0
0.0
0.0
0.0
0.0
0.0
0.0
0.0
0.0
0.0
0.0
0.0
0.0
0.0
0.0
0.0
0.0
0.0
0.0
0.0
0.0
0.0
0.0
0.0
0.0
0.0
0.0
0.0
0.0
0.0
0.0
0.0
0.0
0.0
0.0
0.0
0.0
0.0
0.0
0.0
0.0
0.0
0.0
0.0
0.0
0.0
0.0
0.0
0.0
0.0
0.0
0.0
0.0
0.0
0.0
0.0
0.0
0.0
0.0
0.0
0.0
0.0
0.0
0.0
0.0
0.0
0.0
0.0
0.0
0.0
0.0
0.0
0.0
0.0
0.0
0.0
0.0
0.0
0.0
0.0
0.0
0.0
0.0
0.0
0.0
0.0
0.0
0.0
0.0
0.0
0.0
0.0
0.0
0.0
0.0
0.0
0.0
0.0
0.0
0.0
0.0
0.0
0.0
0.0
0.0
0.0
0.0
0.0
0.0
0.0
0.0
0.0
0.0
0.0
0.0
0.0
0.0
0.0
0.0
0.0
0.0
0.0
0.0
0.0
0.0
0.0
0.0
0.0
0.0
0.0
0.0
0.0
0.0
0.0
0.0
0.0
0.0
0.0
0.0
0.0
0.0
0.0
0.0
0.0
0.0
0.0
0.0
0.0
0.0
0.0
0.0
0.0
0.0
0.0
0.0
0.0
0.0
0.0
0.0
0.0
0.0
0.0
0.0
0.0
0.0
0.0
0.0
0.0
0.0
0.0
0.0
0.0
0.0
0.0
0.0
0.0
0.0
0.0
0.0
0.0
0.0
0.0
0.0
0.0
0.0
0.0
0.0
0.0
0.0
0.0
0.0
0.0
0.0
0.0
0.0
0.0
0.0
0.0
0.0
0.0
0.0
0.0
0.0
0.0
0.0
0.0
0.0
0.0
0.0
0.0
0.0
0.0
0.0
0.0
0.0
0.0
0.0
0.0
0.0
0.0
0.0
0.0
0.0
0.0
0.0
0.0
0.0
0.0
0.0
0.0
0.0
0.0
0.0
0.0
0.0
0.0
0.0
0.0
0.0
0.0
0.0
0.0
0.0
0.0
0.0
0.0
0.0
0.0
0.0
0.0
0.0
0.0
0.0
0.0
0.0
0.0
0.0
0.0
0.0
0.0
0.0
0.0
0.0
0.0
0.0
0.0
0.0
0.0
0.0
0.0
0.0
0.0
0.0
0.0
0.0
0.0
0.0
0.0
0.0
0.0
0.0
0.0
0.0
0.0
0.0
0.0
0.0
0.0
0.0
0.0
0.0
0.0
0.0
0.0
0.0
0.0
0.0
0.0
0.0
0.0
0.0
0.0
0.0
0.0
0.0
0.0
0.0
0.0
0.0
0.0
0.0
0.0
0.0
0.0
0.0
0.0
0.0
0.0
0.0
0.0
0.0
0.0
0.0
0.0
0.0
0.0
0.0
0.0
0.0
0.0
0.0
0.0
0.0
0.0
0.0
0.0
0.0
0.0
0.0
0.0
0.0
0.0
0.0
0.0
0.0
0.0
0.0
0.0
0.0
0.0
0.0
0.0
0.0
0.0
0.0
0.0
0.0
0.0
0.0
0.0
0.0
0.0
0.0
0.0
0.0
0.0
0.0
0.0
0.0
0.0
0.0
0.0
0.0
0.0
0.0
0.0
0.0
0.0
0.0
0.0
0.0
0.0
0.0
0.0
0.0
0.0
0.0
0.0
0.0
0.0
0.0
0.0
0.0
0.0
0.0
0.0
0.0
0.0
0.0
0.0
0.0
0.0
0.0
0.0
0.0
0.0
0.0
0.0
0.0
0.0
0.0
0.0
0.0
0.0
0.0
0.0
0.0
0.0
0.0
0.0
0.0
0.0
0.0
0.0
0.0
0.0
0.0
0.0
0.0
0.0
0.0
0.0
0.0
0.0
0.0
0.0
0.0
0.0
0.0
0.0
0.0
0.0
0.0
0.0
0.0
0.0
0.0
0.0
0.0
0.0
0.0
0.0
0.0
0.0
0.0
0.0
0.0
0.0
0.0
0.0
0.0
0.0
0.0
0.0
0.0
0.0
0.0
0.0
0.0
0.0
0.0
0.0
0.0
0.0
0.0
0.0
0.0
0.0
0.0
0.0
0.0
0.0
0.0
0.0
0.0
0.0
0.0
0.0
0.0
0.0
0.0
0.0
0.0
0.0
0.0
0.0
0.0
0.0
0.0
0.0
0.0
0.0
0.0
0.0
0.0
0.0
0.0
0.0
0.0
0.0
0.0
0.0
0.0
0.0
0.0
0.0
0.0
0.0
0.0
0.0
0.0
0.0
0.0
0.0
0.0
0.0
0.0
0.0
0.0
0.0
0.0
0.0
0.0
0.0
0.0
0.0
0.0
0.0
0.0
0.0
0.0
0.0
0.0
0.0
0.0
0.0
0.0
0.0
0.0
0.0
0.0
0.0
0.0
0.0
0.0
0.0
0.0
0.0
0.0
0.0
0.0
0.0
0.0
0.0
0.0
0.0
0.0
0.0
0.0
0.0
0.0
0.0
0.0
0.0
0.0
0.0
0.0
0.0
0.0
0.0
0.0
0.0
0.0
0.0
0.0
0.0
0.0
0.0
0.0
0.0
0.0
0.0
0.0
0.0
0.0
0.0
0.0
0.0
0.0
0.0
0.0
0.0
0.0
0.0
0.0
0.0
0.0
0.0
0.0
0.0
0.0
0.0
0.0
0.0
0.0
0.0
0.0
0.0
0.0
0.0
0.0
0.0
0.0
0.0
0.0
0.0
0.0
0.0
0.0
0.0
0.0
0.0
0.0
0.0
0.0
0.0
0.0
0.0
0.0
0.0
0.0
0.0
0.0
0.0
0.0
0.0
0.0
0.0
0.0
0.0
0.0
0.0
0.0
0.0
0.0
0.0
0.0
0.0
0.0
0.0
0.0
0.0
0.0
0.0
0.0
0.0
0.0
0.0
0.0
0.0
0.0
0.0
0.0
0.0
0.0
0.0
0.0
0.0
0.0
0.0
0.0
0.0
0.0
0.0
0.0
0.0
0.0
0.0
0.0
0.0
0.0
0.0
0.0
0.0
0.0
0.0
0.0
0.0
0.0
0.0
0.0
0.0
0.0
0.0
0.0
0.0
0.0
0.0
0.0
0.0
0.0
0.0
0.0
0.0
0.0
0.0
0.0
0.0
0.0
0.0
0.0
0.0
0.0
0.0
0.0
0.0
0.0
0.0
0.0
0.0
0.0
0.0
0.0
0.0
0.0
0.0
0.0
0.0
0.0
0.0
0.0
0.0
0.0
0.0
0.0
0.0
0.0
0.0
0.0
0.0
0.0
0.0
0.0
0.0
0.0
0.0
0.0
0.0
0.0
0.0
0.0
0.0
0.0
0.0
0.0
0.0
0.0
0.0
0.0
0.0
0.0
0.0
0.0
0.0
0.0
0.0
0.0
0.0
0.0
0.0
0.0
0.0
0.0
0.0
0.0
0.0
0.0
0.0
0.0
0.0
0.0
0.0
0.0
0.0
0.0
0.0
0.0
0.0
0.0
0.0
0.0
0.0
0.0
0.0
0.0
0.0
0.0
0.0
0.0
0.0
0.0
0.0
0.0
0.0
0.0
0.0
0.0
0.0
0.0
0.0
0.0
0.0
0.0
0.0
0.0
0.0
0.0
0.0
0.0
0.0
0.0
0.0
0.0
0.0
0.0
0.0
0.0
0.0
0.0
0.0
0.0
0.0
0.0
0.0
0.0
0.0
0.0
0.0
0.0
0.0
0.0
0.0
0.0
0.0
0.0
0.0
0.0
0.0
0.0
0.0
0.0
0.0
0.0
0.0
0.0
0.0
0.0
0.0
0.0
0.0
0.0
0.0
0.0
0.0
0.0
0.0
0.0
0.0
0.0
0.0
0.0
0.0
0.0
0.0
0.0
0.0
0.0
0.0
0.0
0.0
0.0
0.0
0.0
0.0
0.0
0.0
0.0
0.0
0.0
0.0
0.0
0.0
0.0
0.0
0.0
0.0
0.0
0.0
0.0
0.0
0.0
0.0
0.0
0.0
0.0
0.0
0.0
0.0
0.0
0.0
0.0
0.0
0.0
0.0
0.0
0.0
0.0
0.0
0.0
0.0
0.0
0.0
0.0
0.0
0.0
0.0
0.0
0.0
0.0
0.0
0.0
0.0
0.0
0.0
0.0
0.0
0.0
0.0
0.0
0.0
0.0
0.0
0.0
0.0
0.0
0.0
0.0
0.0
0.0
0.0
0.0
0.0
0.0
0.0
0.0
0.0
0.0
0.0
0.0
0.0
0.0
0.0
0.0
0.0
0.0
0.0
0.0
0.0
0.0
0.0
0.0
0.0
0.0
0.0
0.0
0.0
0.0
0.0
0.0
0.0
0.0
0.0
0.0
0.0
0.0
0.0
0.0
0.0
0.0
0.0
0.0
0.0
0.0
0.0
0.0
0.0
0.0
0.0
0.0
0.0
0.0
0.0
0.0
0.0
0.0
0.0
0.0
0.0
0.0
0.0
0.0
0.0
0.0
0.0
0.0
0.0
0.0
0.0
0.0
0.0
0.0
0.0
0.0
0.0
0.0
0.0
0.0
0.0
0.0
0.0
0.0
0.0
0.0
0.0
0.0
0.0
0.0
0.0
0.0
0.0
0.0
0.0
0.0
0.0
0.0
0.0
0.0
0.0
0.0
0.0
0.0
0.0
0.0
0.0
0.0
0.0
0.0
0.0
0.0
0.0
0.0
0.0
0.0
0.0
0.0
0.0
0.0
0.0
0.0
0.0
0.0
0.0
0.0
0.0
0.0
0.0
0.0
0.0
0.0
0.0
0.0
0.0
0.0
0.0
0.0
0.0
0.0
0.0
0.0
0.0
0.0
0.0
0.0
0.0
0.0
0.0
0.0
0.0
0.0
0.0
0.0
0.0
0.0
0.0
0.0
0.0
0.0
0.0
0.0
0.0
0.0
0.0
0.0
0.0
0.0
0.0
0.0
0.0
0.0
0.0
0.0
0.0
0.0
0.0
0.0
0.0
0.0
0.0
0.0
0.0
0.0
0.0
0.0
0.0
0.0
0.0
0.0
0.0
0.0
0.0
0.0
0.0
0.0
0.0
0.0
0.0
0.0
0.0
0.0
0.0
0.0
0.0
0.0
0.0
0.0
0.0
0.0
0.0
0.0
0.0
0.0
0.0
0.0
0.0
0.0
0.0
0.0
0.0
0.0
0.0
0.0
0.0
0.0
0.0
0.0
0.0
0.0
0.0
0.0
0.0
0.0
0.0
0.0
0.0
0.0
0.0
0.0
0.0
0.0
0.0
0.0
0.0
0.0
0.0
0.0
0.0
0.0
0.0
0.0
0.0
0.0
0.0
0.0
0.0
0.0
0.0
0.0
0.0
0.0
0.0
0.0
0.0
0.0
0.0
0.0
0.0
0.0
0.0
0.0
0.0
0.0
0.0
0.0
0.0
0.0
0.0
0.0
0.0
0.0
0.0
0.0
0.0
0.0
0.0
0.0
0.0
0.0
0.0
0.0
0.0
0.0
0.0
0.0
0.0
0.0
0.0
0.0
0.0
0.0
0.0
0.0
0.0
0.0
0.0
0.0
0.0
0.0
0.0
0.0
0.0
0.0
0.0
0.0
0.0
0.0
0.0
0.0
0.0
0.0
0.0
0.0
0.0
0.0
0.0
0.0
0.0
0.0
0.0
0.0
0.0
0.0
0.0
0.0
0.0
0.0
0.0
0.0
0.0
0.0
0.0
0.0
0.0
0.0
0.0
0.0
0.0
0.0
0.0
0.0
0.0
0.0
0.0
0.0
0.0
0.0
0.0
0.0
0.0
0.0
0.0
0.0
0.0
0.0
0.0
0.0
0.0
0.0
0.0
0.0
0.0
0.0
0.0
0.0
0.0
0.0
0.0
0.0
0.0
0.0
0.0
0.0
0.0
0.0
0.0
0.0
0.0
0.0
0.0
0.0
0.0
0.0
0.0
0.0
0.0
0.0
0.0
0.0
0.0
0.0
0.0
0.0
0.0
0.0
0.0
0.0
0.0
0.0
0.0
0.0
0.0
0.0
0.0
0.0
0.0
0.0
0.0
0.0
0.0
0.0
0.0
0.0
0.0
0.0
0.0
0.0
0.0
0.0
0.0
0.0
0.0
0.0
0.0
0.0
0.0
0.0
0.0
0.0
0.0
0.0
0.0
0.0
0.0
0.0
0.0
0.0
0.0
0.0
0.0
0.0
0.0
0.0
0.0
0.0
0.0
0.0
0.0
0.0
0.0
0.0
0.0
0.0
0.0
0.0
0.0
0.0
0.0
0.0
0.0
0.0
0.0
0.0
0.0
0.0
0.0
0.0
0.0
0.0
0.0
0.0
0.0
0.0
0.0
0.0
0.0
0.0
0.0
0.0
0.0
0.0
0.0
0.0
0.0
0.0
0.0
0.0
0.0
0.0
0.0
0.0
0.0
0.0
0.0
0.0
0.0
0.0
0.0
0.0
0.0
0.0
0.0
0.0
0.0
0.0
0.0
0.0
0.0
0.0
0.0
0.0
0.0
0.0
0.0
0.0
0.0
0.0
0.0
0.0
0.0
0.0
0.0
0.0
0.0
0.0
0.0
0.0
0.0
0.0
0.0
0.0
0.0
0.0
0.0
0.0
0.0
0.0
0.0
0.0
0.0
0.0
0.0
0.0
0.0
0.0
0.0
0.0
0.0
0.0
0.0
0.0
